<?xml version="1.0" encoding="UTF-8"?>
<testsuite name="io.ahtech.MathUtilsTest" tests="1" skipped="0" failures="0" errors="0" timestamp="2022-02-02T04:14:12" hostname="Albert-MacBook-Pro-16.local" time="0.014">
  <properties/>
  <testcase name="testAdd()" classname="io.ahtech.MathUtilsTest" time="0.014"/>
  <system-out><![CDATA[]]></system-out>
  <system-err><![CDATA[]]></system-err>
</testsuite>
